[debug] [2025-05-30T20:14:18.642Z] ----------------------------------------------------------------------
[debug] [2025-05-30T20:14:18.645Z] Command:       C:\Program Files\nodejs\node.exe C:\Users\qanth\AppData\Roaming\npm\node_modules\firebase-tools\lib\bin\firebase.js init
[debug] [2025-05-30T20:14:18.645Z] CLI Version:   14.5.1
[debug] [2025-05-30T20:14:18.646Z] Platform:      win32
[debug] [2025-05-30T20:14:18.646Z] Node Version:  v22.16.0
[debug] [2025-05-30T20:14:18.646Z] Time:          Fri May 30 2025 15:14:18 GMT-0500 (Central Daylight Time)
[debug] [2025-05-30T20:14:18.647Z] ----------------------------------------------------------------------
[debug] 
[debug] [2025-05-30T20:14:18.653Z] > command requires scopes: ["email","openid","https://www.googleapis.com/auth/cloudplatformprojects.readonly","https://www.googleapis.com/auth/firebase","https://www.googleapis.com/auth/cloud-platform"]
[debug] [2025-05-30T20:14:18.654Z] > authorizing via signed-in user (qanthony24@gmail.com)
[info] 
     ######## #### ########  ######## ########     ###     ######  ########
     ##        ##  ##     ## ##       ##     ##  ##   ##  ##       ##
     ######    ##  ########  ######   ########  #########  ######  ######
     ##        ##  ##    ##  ##       ##     ## ##     ##       ## ##
     ##       #### ##     ## ######## ########  ##     ##  ######  ########

You're about to initialize a Firebase project in this directory:

  D:\myballot

[info] 
=== Project Setup
[info] 
[info] First, let's associate this project directory with a Firebase project.
[info] You can create multiple project aliases by running firebase use --add, 
[info] but for now we'll just set up a default project.
[info] 
[debug] [2025-05-30T20:14:28.796Z] Checked if tokens are valid: true, expires at: 1748639339594
[debug] [2025-05-30T20:14:28.797Z] Checked if tokens are valid: true, expires at: 1748639339594
[debug] [2025-05-30T20:14:28.798Z] >>> [apiv2][query] GET https://firebase.googleapis.com/v1beta1/projects pageSize=100
[debug] [2025-05-30T20:14:29.108Z] <<< [apiv2][status] GET https://firebase.googleapis.com/v1beta1/projects 200
[debug] [2025-05-30T20:14:29.108Z] <<< [apiv2][body] GET https://firebase.googleapis.com/v1beta1/projects [omitted]
[info] i  Using project myballot-app (MyBallot App) 
[info] 
=== App Hosting Setup
[debug] [2025-05-30T20:14:30.388Z] Checked if tokens are valid: true, expires at: 1748639339594
[debug] [2025-05-30T20:14:30.388Z] Checked if tokens are valid: true, expires at: 1748639339594
[debug] [2025-05-30T20:14:30.388Z] >>> [apiv2][query] GET https://cloudbilling.googleapis.com/v1/projects/myballot-app/billingInfo [none]
[debug] [2025-05-30T20:14:30.551Z] <<< [apiv2][status] GET https://cloudbilling.googleapis.com/v1/projects/myballot-app/billingInfo 200
[debug] [2025-05-30T20:14:30.551Z] <<< [apiv2][body] GET https://cloudbilling.googleapis.com/v1/projects/myballot-app/billingInfo {"name":"projects/myballot-app/billingInfo","projectId":"myballot-app","billingAccountName":"billingAccounts/01676F-4DD543-D12114","billingEnabled":true}
[debug] [2025-05-30T20:14:30.551Z] Checked if tokens are valid: true, expires at: 1748639339594
[debug] [2025-05-30T20:14:30.551Z] Checked if tokens are valid: true, expires at: 1748639339594
[debug] [2025-05-30T20:14:30.552Z] >>> [apiv2][query] GET https://serviceusage.googleapis.com/v1/projects/myballot-app/services/firebaseapphosting.googleapis.com [none]
[debug] [2025-05-30T20:14:30.552Z] >>> [apiv2][(partial)header] GET https://serviceusage.googleapis.com/v1/projects/myballot-app/services/firebaseapphosting.googleapis.com x-goog-quota-user=projects/myballot-app
[debug] [2025-05-30T20:14:30.815Z] <<< [apiv2][status] GET https://serviceusage.googleapis.com/v1/projects/myballot-app/services/firebaseapphosting.googleapis.com 200
[debug] [2025-05-30T20:14:30.816Z] <<< [apiv2][body] GET https://serviceusage.googleapis.com/v1/projects/myballot-app/services/firebaseapphosting.googleapis.com [omitted]
[debug] [2025-05-30T20:14:30.816Z] Checked if tokens are valid: true, expires at: 1748639339594
[debug] [2025-05-30T20:14:30.816Z] Checked if tokens are valid: true, expires at: 1748639339594
[debug] [2025-05-30T20:14:30.816Z] Checked if tokens are valid: true, expires at: 1748639339594
[debug] [2025-05-30T20:14:30.816Z] Checked if tokens are valid: true, expires at: 1748639339594
[debug] [2025-05-30T20:14:30.816Z] Checked if tokens are valid: true, expires at: 1748639339594
[debug] [2025-05-30T20:14:30.816Z] Checked if tokens are valid: true, expires at: 1748639339594
[debug] [2025-05-30T20:14:30.816Z] Checked if tokens are valid: true, expires at: 1748639339594
[debug] [2025-05-30T20:14:30.816Z] Checked if tokens are valid: true, expires at: 1748639339594
[debug] [2025-05-30T20:14:30.817Z] Checked if tokens are valid: true, expires at: 1748639339594
[debug] [2025-05-30T20:14:30.817Z] Checked if tokens are valid: true, expires at: 1748639339594
[debug] [2025-05-30T20:14:30.817Z] Checked if tokens are valid: true, expires at: 1748639339594
[debug] [2025-05-30T20:14:30.817Z] Checked if tokens are valid: true, expires at: 1748639339594
[debug] [2025-05-30T20:14:30.817Z] >>> [apiv2][query] GET https://serviceusage.googleapis.com/v1/projects/myballot-app/services/developerconnect.googleapis.com [none]
[debug] [2025-05-30T20:14:30.817Z] >>> [apiv2][(partial)header] GET https://serviceusage.googleapis.com/v1/projects/myballot-app/services/developerconnect.googleapis.com x-goog-quota-user=projects/myballot-app
[debug] [2025-05-30T20:14:30.817Z] >>> [apiv2][query] GET https://serviceusage.googleapis.com/v1/projects/myballot-app/services/cloudbuild.googleapis.com [none]
[debug] [2025-05-30T20:14:30.817Z] >>> [apiv2][(partial)header] GET https://serviceusage.googleapis.com/v1/projects/myballot-app/services/cloudbuild.googleapis.com x-goog-quota-user=projects/myballot-app
[debug] [2025-05-30T20:14:30.819Z] >>> [apiv2][query] GET https://serviceusage.googleapis.com/v1/projects/myballot-app/services/secretmanager.googleapis.com [none]
[debug] [2025-05-30T20:14:30.819Z] >>> [apiv2][(partial)header] GET https://serviceusage.googleapis.com/v1/projects/myballot-app/services/secretmanager.googleapis.com x-goog-quota-user=projects/myballot-app
[debug] [2025-05-30T20:14:30.820Z] >>> [apiv2][query] GET https://serviceusage.googleapis.com/v1/projects/myballot-app/services/run.googleapis.com [none]
[debug] [2025-05-30T20:14:30.820Z] >>> [apiv2][(partial)header] GET https://serviceusage.googleapis.com/v1/projects/myballot-app/services/run.googleapis.com x-goog-quota-user=projects/myballot-app
[debug] [2025-05-30T20:14:30.822Z] >>> [apiv2][query] GET https://serviceusage.googleapis.com/v1/projects/myballot-app/services/artifactregistry.googleapis.com [none]
[debug] [2025-05-30T20:14:30.822Z] >>> [apiv2][(partial)header] GET https://serviceusage.googleapis.com/v1/projects/myballot-app/services/artifactregistry.googleapis.com x-goog-quota-user=projects/myballot-app
[debug] [2025-05-30T20:14:30.823Z] >>> [apiv2][query] GET https://serviceusage.googleapis.com/v1/projects/myballot-app/services/iam.googleapis.com [none]
[debug] [2025-05-30T20:14:30.823Z] >>> [apiv2][(partial)header] GET https://serviceusage.googleapis.com/v1/projects/myballot-app/services/iam.googleapis.com x-goog-quota-user=projects/myballot-app
[debug] [2025-05-30T20:14:30.964Z] <<< [apiv2][status] GET https://serviceusage.googleapis.com/v1/projects/myballot-app/services/developerconnect.googleapis.com 200
[debug] [2025-05-30T20:14:30.964Z] <<< [apiv2][body] GET https://serviceusage.googleapis.com/v1/projects/myballot-app/services/developerconnect.googleapis.com [omitted]
[debug] [2025-05-30T20:14:31.049Z] <<< [apiv2][status] GET https://serviceusage.googleapis.com/v1/projects/myballot-app/services/secretmanager.googleapis.com 200
[debug] [2025-05-30T20:14:31.049Z] <<< [apiv2][body] GET https://serviceusage.googleapis.com/v1/projects/myballot-app/services/secretmanager.googleapis.com [omitted]
[debug] [2025-05-30T20:14:31.050Z] <<< [apiv2][status] GET https://serviceusage.googleapis.com/v1/projects/myballot-app/services/cloudbuild.googleapis.com 200
[debug] [2025-05-30T20:14:31.050Z] <<< [apiv2][body] GET https://serviceusage.googleapis.com/v1/projects/myballot-app/services/cloudbuild.googleapis.com [omitted]
[debug] [2025-05-30T20:14:31.050Z] <<< [apiv2][status] GET https://serviceusage.googleapis.com/v1/projects/myballot-app/services/artifactregistry.googleapis.com 200
[debug] [2025-05-30T20:14:31.051Z] <<< [apiv2][body] GET https://serviceusage.googleapis.com/v1/projects/myballot-app/services/artifactregistry.googleapis.com [omitted]
[debug] [2025-05-30T20:14:31.052Z] <<< [apiv2][status] GET https://serviceusage.googleapis.com/v1/projects/myballot-app/services/run.googleapis.com 200
[debug] [2025-05-30T20:14:31.052Z] <<< [apiv2][body] GET https://serviceusage.googleapis.com/v1/projects/myballot-app/services/run.googleapis.com [omitted]
[debug] [2025-05-30T20:14:31.060Z] <<< [apiv2][status] GET https://serviceusage.googleapis.com/v1/projects/myballot-app/services/iam.googleapis.com 200
[debug] [2025-05-30T20:14:31.060Z] <<< [apiv2][body] GET https://serviceusage.googleapis.com/v1/projects/myballot-app/services/iam.googleapis.com [omitted]
[debug] [2025-05-30T20:14:31.064Z] Checked if tokens are valid: true, expires at: 1748639339594
[debug] [2025-05-30T20:14:31.064Z] Checked if tokens are valid: true, expires at: 1748639339594
[debug] [2025-05-30T20:14:31.064Z] >>> [apiv2][query] POST https://iam.googleapis.com/v1/projects/myballot-app/serviceAccounts/firebase-app-hosting-compute@myballot-app.iam.gserviceaccount.com:testIamPermissions [none]
[debug] [2025-05-30T20:14:31.064Z] >>> [apiv2][(partial)header] POST https://iam.googleapis.com/v1/projects/myballot-app/serviceAccounts/firebase-app-hosting-compute@myballot-app.iam.gserviceaccount.com:testIamPermissions x-goog-quota-user=projects/myballot-app
[debug] [2025-05-30T20:14:31.064Z] >>> [apiv2][body] POST https://iam.googleapis.com/v1/projects/myballot-app/serviceAccounts/firebase-app-hosting-compute@myballot-app.iam.gserviceaccount.com:testIamPermissions {"permissions":["iam.serviceAccounts.actAs"]}
[debug] [2025-05-30T20:14:31.246Z] <<< [apiv2][status] POST https://iam.googleapis.com/v1/projects/myballot-app/serviceAccounts/firebase-app-hosting-compute@myballot-app.iam.gserviceaccount.com:testIamPermissions 200
[debug] [2025-05-30T20:14:31.246Z] <<< [apiv2][body] POST https://iam.googleapis.com/v1/projects/myballot-app/serviceAccounts/firebase-app-hosting-compute@myballot-app.iam.gserviceaccount.com:testIamPermissions {"permissions":["iam.serviceAccounts.actAs"]}
[debug] [2025-05-30T20:14:31.247Z] Checked if tokens are valid: true, expires at: 1748639339594
[debug] [2025-05-30T20:14:31.247Z] Checked if tokens are valid: true, expires at: 1748639339594
[debug] [2025-05-30T20:14:31.247Z] >>> [apiv2][query] POST https://cloudresourcemanager.googleapis.com/v1/projects/myballot-app:getIamPolicy [none]
[debug] [2025-05-30T20:14:31.491Z] <<< [apiv2][status] POST https://cloudresourcemanager.googleapis.com/v1/projects/myballot-app:getIamPolicy 200
[debug] [2025-05-30T20:14:31.491Z] <<< [apiv2][body] POST https://cloudresourcemanager.googleapis.com/v1/projects/myballot-app:getIamPolicy {"version":1,"etag":"BwY2YAPfuqs=","bindings":[{"role":"roles/cloudbuild.builds.builder","members":["serviceAccount:308429515372@cloudbuild.gserviceaccount.com"]},{"role":"roles/cloudbuild.serviceAgent","members":["serviceAccount:service-308429515372@gcp-sa-cloudbuild.iam.gserviceaccount.com"]},{"role":"roles/containerregistry.ServiceAgent","members":["serviceAccount:service-308429515372@containerregistry.iam.gserviceaccount.com"]},{"role":"roles/developerconnect.readTokenAccessor","members":["serviceAccount:firebase-app-hosting-compute@myballot-app.iam.gserviceaccount.com"]},{"role":"roles/discoveryengine.serviceAgent","members":["serviceAccount:service-308429515372@gcp-sa-discoveryengine.iam.gserviceaccount.com"]},{"role":"roles/editor","members":["serviceAccount:308429515372-compute@developer.gserviceaccount.com"]},{"role":"roles/firebase.managementServiceAgent","members":["serviceAccount:service-308429515372@gcp-sa-firebase.iam.gserviceaccount.com"]},{"role":"roles/firebase.sdkAdminServiceAgent","members":["serviceAccount:firebase-adminsdk-fbsvc@myballot-app.iam.gserviceaccount.com","serviceAccount:firebase-app-hosting-compute@myballot-app.iam.gserviceaccount.com"]},{"role":"roles/firebaseapphosting.computeRunner","members":["serviceAccount:firebase-app-hosting-compute@myballot-app.iam.gserviceaccount.com"]},{"role":"roles/firebaseapphosting.serviceAgent","members":["serviceAccount:service-308429515372@gcp-sa-firebaseapphosting.iam.gserviceaccount.com"]},{"role":"roles/firebaseauth.admin","members":["serviceAccount:firebase-adminsdk-fbsvc@myballot-app.iam.gserviceaccount.com"]},{"role":"roles/firebaserules.system","members":["serviceAccount:service-308429515372@firebase-rules.iam.gserviceaccount.com"]},{"role":"roles/firestore.serviceAgent","members":["serviceAccount:service-308429515372@gcp-sa-firestore.iam.gserviceaccount.com"]},{"role":"roles/iam.serviceAccountTokenCreator","members":["serviceAccount:firebase-adminsdk-fbsvc@myballot-app.iam.gserviceaccount.com"]},{"role":"roles/owner","members":["user:qanthony24@gmail.com"]},{"role":"roles/pubsub.serviceAgent","members":["serviceAccount:service-308429515372@gcp-sa-pubsub.iam.gserviceaccount.com"]},{"role":"roles/run.serviceAgent","members":["serviceAccount:service-308429515372@serverless-robot-prod.iam.gserviceaccount.com"]},{"role":"roles/secretmanager.admin_withcond_00aebe203a8a56caff03","members":["serviceAccount:service-308429515372@gcp-sa-devconnect.iam.gserviceaccount.com"]},{"role":"roles/storage.objectViewer","members":["serviceAccount:firebase-app-hosting-compute@myballot-app.iam.gserviceaccount.com"]}]}
[info] i  This command links your local project to Firebase App Hosting. You will be able to deploy your web app with `firebase deploy` after setup. 
[debug] [2025-05-30T20:14:35.066Z] Checked if tokens are valid: true, expires at: 1748639339594
[debug] [2025-05-30T20:14:35.066Z] Checked if tokens are valid: true, expires at: 1748639339594
[debug] [2025-05-30T20:14:35.066Z] >>> [apiv2][query] GET https://firebaseapphosting.googleapis.com/v1beta/projects/myballot-app/locations/-/backends 
[debug] [2025-05-30T20:14:35.420Z] <<< [apiv2][status] GET https://firebaseapphosting.googleapis.com/v1beta/projects/myballot-app/locations/-/backends 200
[debug] [2025-05-30T20:14:35.420Z] <<< [apiv2][body] GET https://firebaseapphosting.googleapis.com/v1beta/projects/myballot-app/locations/-/backends {}
[debug] [2025-05-30T20:15:51.682Z] ExitPromptError: User force closed the prompt with SIGINT
    at Interface.sigint (C:\Users\qanth\AppData\Roaming\npm\node_modules\firebase-tools\node_modules\@inquirer\core\dist\commonjs\lib\create-prompt.js:101:37)
    at Interface.emit (node:events:518:28)
    at Interface.emit (node:domain:489:12)
    at [_ttyWrite] [as _ttyWrite] (node:internal/readline/interface:1128:18)
    at ReadStream.onkeypress (node:internal/readline/interface:267:20)
    at ReadStream.emit (node:events:530:35)
    at ReadStream.emit (node:domain:489:12)
    at emitKeys (node:internal/readline/utils:370:14)
    at emitKeys.next (<anonymous>)
    at ReadStream.onData (node:internal/readline/emitKeypressEvents:64:36)
[error] 
[error] Error: An unexpected error has occurred.
[debug] [2025-05-30T20:16:08.480Z] ----------------------------------------------------------------------
[debug] [2025-05-30T20:16:08.484Z] Command:       C:\Program Files\nodejs\node.exe C:\Users\qanth\AppData\Roaming\npm\node_modules\firebase-tools\lib\bin\firebase.js init
[debug] [2025-05-30T20:16:08.484Z] CLI Version:   14.5.1
[debug] [2025-05-30T20:16:08.484Z] Platform:      win32
[debug] [2025-05-30T20:16:08.485Z] Node Version:  v22.16.0
[debug] [2025-05-30T20:16:08.485Z] Time:          Fri May 30 2025 15:16:08 GMT-0500 (Central Daylight Time)
[debug] [2025-05-30T20:16:08.485Z] ----------------------------------------------------------------------
[debug] 
[debug] [2025-05-30T20:16:08.491Z] > command requires scopes: ["email","openid","https://www.googleapis.com/auth/cloudplatformprojects.readonly","https://www.googleapis.com/auth/firebase","https://www.googleapis.com/auth/cloud-platform"]
[debug] [2025-05-30T20:16:08.492Z] > authorizing via signed-in user (qanthony24@gmail.com)
[info] 
     ######## #### ########  ######## ########     ###     ######  ########
     ##        ##  ##     ## ##       ##     ##  ##   ##  ##       ##
     ######    ##  ########  ######   ########  #########  ######  ######
     ##        ##  ##    ##  ##       ##     ## ##     ##       ## ##
     ##       #### ##     ## ######## ########  ##     ##  ######  ########

You're about to initialize a Firebase project in this directory:

  D:\myballot

[info] 
=== Project Setup
[info] 
[info] First, let's associate this project directory with a Firebase project.
[info] You can create multiple project aliases by running firebase use --add, 
[info] but for now we'll just set up a default project.
[info] 
[debug] [2025-05-30T20:16:18.373Z] Checked if tokens are valid: true, expires at: 1748639339594
[debug] [2025-05-30T20:16:18.373Z] Checked if tokens are valid: true, expires at: 1748639339594
[debug] [2025-05-30T20:16:18.374Z] >>> [apiv2][query] GET https://firebase.googleapis.com/v1beta1/availableProjects pageSize=100
[debug] [2025-05-30T20:16:18.965Z] <<< [apiv2][status] GET https://firebase.googleapis.com/v1beta1/availableProjects 200
[debug] [2025-05-30T20:16:18.965Z] <<< [apiv2][body] GET https://firebase.googleapis.com/v1beta1/availableProjects [omitted]
